{"/Users/dariabusse/Work/measurements/src/index.ts": {"path":"/Users/dariabusse/Work/measurements/src/index.ts","statementMap":{"0":{"start":{"line":1,"column":0},"end":{"line":1,"column":9}},"1":{"start":{"line":8,"column":9},"end":{"line":1,"column":57}},"2":{"start":{"line":2,"column":0},"end":{"line":2,"column":9}},"3":{"start":{"line":8,"column":22},"end":{"line":2,"column":55}},"4":{"start":{"line":3,"column":0},"end":{"line":3,"column":9}},"5":{"start":{"line":8,"column":34},"end":{"line":3,"column":55}},"6":{"start":{"line":4,"column":0},"end":{"line":4,"column":9}},"7":{"start":{"line":8,"column":46},"end":{"line":4,"column":51}},"8":{"start":{"line":5,"column":0},"end":{"line":5,"column":9}},"9":{"start":{"line":8,"column":56},"end":{"line":5,"column":55}},"10":{"start":{"line":6,"column":0},"end":{"line":6,"column":9}},"11":{"start":{"line":8,"column":68},"end":{"line":6,"column":65}}},"fnMap":{"0":{"name":"(anonymous_0)","decl":{"start":{"line":8,"column":9},"end":{"line":8,"column":20}},"loc":{"start":{"line":8,"column":9},"end":{"line":1,"column":57}}},"1":{"name":"(anonymous_1)","decl":{"start":{"line":8,"column":22},"end":{"line":8,"column":32}},"loc":{"start":{"line":8,"column":22},"end":{"line":2,"column":55}}},"2":{"name":"(anonymous_2)","decl":{"start":{"line":8,"column":34},"end":{"line":8,"column":44}},"loc":{"start":{"line":8,"column":34},"end":{"line":3,"column":55}}},"3":{"name":"(anonymous_3)","decl":{"start":{"line":8,"column":46},"end":{"line":8,"column":54}},"loc":{"start":{"line":8,"column":46},"end":{"line":4,"column":51}}},"4":{"name":"(anonymous_4)","decl":{"start":{"line":8,"column":56},"end":{"line":8,"column":66}},"loc":{"start":{"line":8,"column":56},"end":{"line":5,"column":55}}},"5":{"name":"(anonymous_5)","decl":{"start":{"line":8,"column":68},"end":{"line":8,"column":83}},"loc":{"start":{"line":8,"column":68},"end":{"line":6,"column":65}}}},"branchMap":{},"s":{"0":1,"1":55,"2":1,"3":27,"4":1,"5":3,"6":1,"7":2,"8":1,"9":2,"10":1,"11":2},"f":{"0":54,"1":26,"2":2,"3":1,"4":1,"5":1},"b":{}}
,"/Users/dariabusse/Work/measurements/src/measurements/measurement.ts": {"path":"/Users/dariabusse/Work/measurements/src/measurements/measurement.ts","statementMap":{"0":{"start":{"line":15,"column":4},"end":{"line":15,"column":23}},"1":{"start":{"line":16,"column":4},"end":{"line":16,"column":21}},"2":{"start":{"line":20,"column":4},"end":{"line":20,"column":106}},"3":{"start":{"line":20,"column":38},"end":{"line":20,"column":106}},"4":{"start":{"line":21,"column":4},"end":{"line":24,"column":6}},"5":{"start":{"line":28,"column":4},"end":{"line":28,"column":105}},"6":{"start":{"line":28,"column":36},"end":{"line":28,"column":105}},"7":{"start":{"line":29,"column":27},"end":{"line":29,"column":45}},"8":{"start":{"line":30,"column":4},"end":{"line":30,"column":38}},"9":{"start":{"line":31,"column":4},"end":{"line":31,"column":19}},"10":{"start":{"line":35,"column":4},"end":{"line":35,"column":86}},"11":{"start":{"line":39,"column":4},"end":{"line":39,"column":109}},"12":{"start":{"line":39,"column":39},"end":{"line":39,"column":109}},"13":{"start":{"line":40,"column":18},"end":{"line":40,"column":51}},"14":{"start":{"line":41,"column":4},"end":{"line":41,"column":27}},"15":{"start":{"line":42,"column":4},"end":{"line":42,"column":77}},"16":{"start":{"line":49,"column":4},"end":{"line":49,"column":115}},"17":{"start":{"line":49,"column":39},"end":{"line":49,"column":115}},"18":{"start":{"line":50,"column":18},"end":{"line":50,"column":51}},"19":{"start":{"line":51,"column":4},"end":{"line":51,"column":27}},"20":{"start":{"line":52,"column":4},"end":{"line":52,"column":77}},"21":{"start":{"line":59,"column":4},"end":{"line":59,"column":112}},"22":{"start":{"line":59,"column":39},"end":{"line":59,"column":112}},"23":{"start":{"line":60,"column":18},"end":{"line":60,"column":51}},"24":{"start":{"line":61,"column":4},"end":{"line":61,"column":27}},"25":{"start":{"line":62,"column":4},"end":{"line":62,"column":77}},"26":{"start":{"line":66,"column":4},"end":{"line":66,"column":112}},"27":{"start":{"line":66,"column":39},"end":{"line":66,"column":112}},"28":{"start":{"line":67,"column":18},"end":{"line":67,"column":51}},"29":{"start":{"line":68,"column":4},"end":{"line":68,"column":27}},"30":{"start":{"line":69,"column":4},"end":{"line":69,"column":46}},"31":{"start":{"line":69,"column":34},"end":{"line":69,"column":46}},"32":{"start":{"line":70,"column":4},"end":{"line":70,"column":17}},"33":{"start":{"line":74,"column":4},"end":{"line":74,"column":112}},"34":{"start":{"line":74,"column":39},"end":{"line":74,"column":112}},"35":{"start":{"line":75,"column":18},"end":{"line":75,"column":51}},"36":{"start":{"line":76,"column":4},"end":{"line":76,"column":27}},"37":{"start":{"line":77,"column":4},"end":{"line":77,"column":46}},"38":{"start":{"line":77,"column":34},"end":{"line":77,"column":46}},"39":{"start":{"line":78,"column":4},"end":{"line":78,"column":17}},"40":{"start":{"line":82,"column":4},"end":{"line":82,"column":113}},"41":{"start":{"line":82,"column":39},"end":{"line":82,"column":113}},"42":{"start":{"line":83,"column":18},"end":{"line":83,"column":51}},"43":{"start":{"line":84,"column":4},"end":{"line":84,"column":27}},"44":{"start":{"line":85,"column":4},"end":{"line":85,"column":44}},"45":{"start":{"line":85,"column":32},"end":{"line":85,"column":44}},"46":{"start":{"line":86,"column":4},"end":{"line":86,"column":17}},"47":{"start":{"line":90,"column":4},"end":{"line":90,"column":113}},"48":{"start":{"line":90,"column":39},"end":{"line":90,"column":113}},"49":{"start":{"line":91,"column":18},"end":{"line":91,"column":51}},"50":{"start":{"line":92,"column":4},"end":{"line":92,"column":27}},"51":{"start":{"line":93,"column":4},"end":{"line":93,"column":44}},"52":{"start":{"line":93,"column":32},"end":{"line":93,"column":44}},"53":{"start":{"line":94,"column":4},"end":{"line":94,"column":17}},"54":{"start":{"line":98,"column":4},"end":{"line":98,"column":113}},"55":{"start":{"line":98,"column":39},"end":{"line":98,"column":113}},"56":{"start":{"line":99,"column":18},"end":{"line":99,"column":51}},"57":{"start":{"line":100,"column":4},"end":{"line":100,"column":27}},"58":{"start":{"line":101,"column":4},"end":{"line":101,"column":45}},"59":{"start":{"line":101,"column":33},"end":{"line":101,"column":45}},"60":{"start":{"line":102,"column":4},"end":{"line":102,"column":17}},"61":{"start":{"line":106,"column":4},"end":{"line":106,"column":113}},"62":{"start":{"line":106,"column":39},"end":{"line":106,"column":113}},"63":{"start":{"line":107,"column":18},"end":{"line":107,"column":51}},"64":{"start":{"line":108,"column":4},"end":{"line":108,"column":27}},"65":{"start":{"line":109,"column":4},"end":{"line":109,"column":45}},"66":{"start":{"line":109,"column":33},"end":{"line":109,"column":45}},"67":{"start":{"line":110,"column":4},"end":{"line":110,"column":17}},"68":{"start":{"line":114,"column":4},"end":{"line":114,"column":26}},"69":{"start":{"line":117,"column":4},"end":{"line":117,"column":28}},"70":{"start":{"line":121,"column":4},"end":{"line":121,"column":47}},"71":{"start":{"line":125,"column":4},"end":{"line":125,"column":45}},"72":{"start":{"line":3,"column":0},"end":{"line":3,"column":13}}},"fnMap":{"0":{"name":"(anonymous_0)","decl":{"start":{"line":14,"column":2},"end":{"line":14,"column":14}},"loc":{"start":{"line":14,"column":50},"end":{"line":17,"column":3}}},"1":{"name":"(anonymous_1)","decl":{"start":{"line":19,"column":9},"end":{"line":19,"column":18}},"loc":{"start":{"line":19,"column":40},"end":{"line":25,"column":3}}},"2":{"name":"(anonymous_2)","decl":{"start":{"line":27,"column":9},"end":{"line":27,"column":16}},"loc":{"start":{"line":27,"column":36},"end":{"line":32,"column":3}}},"3":{"name":"(anonymous_3)","decl":{"start":{"line":34,"column":9},"end":{"line":34,"column":15}},"loc":{"start":{"line":34,"column":75},"end":{"line":36,"column":3}}},"4":{"name":"(anonymous_4)","decl":{"start":{"line":38,"column":9},"end":{"line":38,"column":15}},"loc":{"start":{"line":38,"column":86},"end":{"line":43,"column":3}}},"5":{"name":"(anonymous_5)","decl":{"start":{"line":45,"column":9},"end":{"line":45,"column":15}},"loc":{"start":{"line":47,"column":36},"end":{"line":53,"column":3}}},"6":{"name":"(anonymous_6)","decl":{"start":{"line":55,"column":9},"end":{"line":55,"column":15}},"loc":{"start":{"line":57,"column":36},"end":{"line":63,"column":3}}},"7":{"name":"(anonymous_7)","decl":{"start":{"line":65,"column":9},"end":{"line":65,"column":15}},"loc":{"start":{"line":65,"column":89},"end":{"line":71,"column":3}}},"8":{"name":"(anonymous_8)","decl":{"start":{"line":73,"column":9},"end":{"line":73,"column":15}},"loc":{"start":{"line":73,"column":92},"end":{"line":79,"column":3}}},"9":{"name":"(anonymous_9)","decl":{"start":{"line":81,"column":9},"end":{"line":81,"column":15}},"loc":{"start":{"line":81,"column":94},"end":{"line":87,"column":3}}},"10":{"name":"(anonymous_10)","decl":{"start":{"line":89,"column":9},"end":{"line":89,"column":15}},"loc":{"start":{"line":89,"column":91},"end":{"line":95,"column":3}}},"11":{"name":"(anonymous_11)","decl":{"start":{"line":97,"column":9},"end":{"line":97,"column":15}},"loc":{"start":{"line":97,"column":101},"end":{"line":103,"column":3}}},"12":{"name":"(anonymous_12)","decl":{"start":{"line":105,"column":9},"end":{"line":105,"column":15}},"loc":{"start":{"line":105,"column":98},"end":{"line":111,"column":3}}},"13":{"name":"(anonymous_13)","decl":{"start":{"line":113,"column":2},"end":{"line":113,"column":6}},"loc":{"start":{"line":113,"column":10},"end":{"line":115,"column":3}}},"14":{"name":"(anonymous_14)","decl":{"start":{"line":116,"column":2},"end":{"line":116,"column":6}},"loc":{"start":{"line":116,"column":12},"end":{"line":118,"column":3}}},"15":{"name":"(anonymous_15)","decl":{"start":{"line":120,"column":2},"end":{"line":120,"column":6}},"loc":{"start":{"line":120,"column":16},"end":{"line":122,"column":3}}},"16":{"name":"(anonymous_16)","decl":{"start":{"line":124,"column":2},"end":{"line":124,"column":6}},"loc":{"start":{"line":124,"column":15},"end":{"line":126,"column":3}}}},"branchMap":{"0":{"loc":{"start":{"line":20,"column":4},"end":{"line":20,"column":106}},"type":"if","locations":[{"start":{"line":20,"column":4},"end":{"line":20,"column":106}}]},"1":{"loc":{"start":{"line":28,"column":4},"end":{"line":28,"column":105}},"type":"if","locations":[{"start":{"line":28,"column":4},"end":{"line":28,"column":105}}]},"2":{"loc":{"start":{"line":39,"column":4},"end":{"line":39,"column":109}},"type":"if","locations":[{"start":{"line":39,"column":4},"end":{"line":39,"column":109}}]},"3":{"loc":{"start":{"line":49,"column":4},"end":{"line":49,"column":115}},"type":"if","locations":[{"start":{"line":49,"column":4},"end":{"line":49,"column":115}}]},"4":{"loc":{"start":{"line":59,"column":4},"end":{"line":59,"column":112}},"type":"if","locations":[{"start":{"line":59,"column":4},"end":{"line":59,"column":112}}]},"5":{"loc":{"start":{"line":66,"column":4},"end":{"line":66,"column":112}},"type":"if","locations":[{"start":{"line":66,"column":4},"end":{"line":66,"column":112}}]},"6":{"loc":{"start":{"line":69,"column":4},"end":{"line":69,"column":46}},"type":"if","locations":[{"start":{"line":69,"column":4},"end":{"line":69,"column":46}}]},"7":{"loc":{"start":{"line":74,"column":4},"end":{"line":74,"column":112}},"type":"if","locations":[{"start":{"line":74,"column":4},"end":{"line":74,"column":112}}]},"8":{"loc":{"start":{"line":77,"column":4},"end":{"line":77,"column":46}},"type":"if","locations":[{"start":{"line":77,"column":4},"end":{"line":77,"column":46}}]},"9":{"loc":{"start":{"line":82,"column":4},"end":{"line":82,"column":113}},"type":"if","locations":[{"start":{"line":82,"column":4},"end":{"line":82,"column":113}}]},"10":{"loc":{"start":{"line":85,"column":4},"end":{"line":85,"column":44}},"type":"if","locations":[{"start":{"line":85,"column":4},"end":{"line":85,"column":44}}]},"11":{"loc":{"start":{"line":90,"column":4},"end":{"line":90,"column":113}},"type":"if","locations":[{"start":{"line":90,"column":4},"end":{"line":90,"column":113}}]},"12":{"loc":{"start":{"line":93,"column":4},"end":{"line":93,"column":44}},"type":"if","locations":[{"start":{"line":93,"column":4},"end":{"line":93,"column":44}}]},"13":{"loc":{"start":{"line":98,"column":4},"end":{"line":98,"column":113}},"type":"if","locations":[{"start":{"line":98,"column":4},"end":{"line":98,"column":113}}]},"14":{"loc":{"start":{"line":101,"column":4},"end":{"line":101,"column":45}},"type":"if","locations":[{"start":{"line":101,"column":4},"end":{"line":101,"column":45}}]},"15":{"loc":{"start":{"line":106,"column":4},"end":{"line":106,"column":113}},"type":"if","locations":[{"start":{"line":106,"column":4},"end":{"line":106,"column":113}}]},"16":{"loc":{"start":{"line":109,"column":4},"end":{"line":109,"column":45}},"type":"if","locations":[{"start":{"line":109,"column":4},"end":{"line":109,"column":45}}]}},"s":{"0":86,"1":86,"2":34,"3":1,"4":33,"5":30,"6":1,"7":29,"8":29,"9":29,"10":1,"11":7,"12":1,"13":6,"14":6,"15":6,"16":2,"17":1,"18":1,"19":1,"20":1,"21":2,"22":1,"23":1,"24":1,"25":1,"26":3,"27":1,"28":2,"29":2,"30":2,"31":1,"32":1,"33":3,"34":1,"35":2,"36":2,"37":2,"38":1,"39":1,"40":3,"41":1,"42":2,"43":2,"44":2,"45":1,"46":1,"47":3,"48":1,"49":2,"50":2,"51":2,"52":1,"53":1,"54":5,"55":1,"56":4,"57":4,"58":4,"59":3,"60":1,"61":5,"62":1,"63":4,"64":4,"65":4,"66":2,"67":2,"68":1,"69":3,"70":9,"71":1,"72":1},"f":{"0":86,"1":34,"2":30,"3":1,"4":7,"5":2,"6":2,"7":3,"8":3,"9":3,"10":3,"11":5,"12":5,"13":1,"14":3,"15":9,"16":1},"b":{"0":[1],"1":[1],"2":[1],"3":[1],"4":[1],"5":[1],"6":[1],"7":[1],"8":[1],"9":[1],"10":[1],"11":[1],"12":[1],"13":[1],"14":[3],"15":[1],"16":[2]}}
,"/Users/dariabusse/Work/measurements/src/measurements/unitenergy.ts": {"path":"/Users/dariabusse/Work/measurements/src/measurements/unitenergy.ts","statementMap":{"0":{"start":{"line":11,"column":4},"end":{"line":11,"column":25}},"1":{"start":{"line":12,"column":4},"end":{"line":12,"column":35}},"2":{"start":{"line":13,"column":4},"end":{"line":13,"column":29}},"3":{"start":{"line":14,"column":4},"end":{"line":14,"column":21}},"4":{"start":{"line":15,"column":4},"end":{"line":15,"column":29}},"5":{"start":{"line":3,"column":0},"end":{"line":3,"column":13}},"6":{"start":{"line":18,"column":16},"end":{"line":18,"column":87}},"7":{"start":{"line":20,"column":16},"end":{"line":20,"column":75}},"8":{"start":{"line":22,"column":16},"end":{"line":22,"column":93}},"9":{"start":{"line":24,"column":16},"end":{"line":24,"column":83}},"10":{"start":{"line":26,"column":16},"end":{"line":26,"column":96}},"11":{"start":{"line":28,"column":16},"end":{"line":28,"column":51}}},"fnMap":{"0":{"name":"(anonymous_0)","decl":{"start":{"line":10,"column":2},"end":{"line":10,"column":14}},"loc":{"start":{"line":10,"column":81},"end":{"line":16,"column":3}}}},"branchMap":{},"s":{"0":5,"1":5,"2":5,"3":5,"4":5,"5":1,"6":1,"7":1,"8":1,"9":1,"10":1,"11":1},"f":{"0":5},"b":{}}
,"/Users/dariabusse/Work/measurements/src/measurements/unitlength.ts": {"path":"/Users/dariabusse/Work/measurements/src/measurements/unitlength.ts","statementMap":{"0":{"start":{"line":11,"column":4},"end":{"line":11,"column":25}},"1":{"start":{"line":12,"column":4},"end":{"line":12,"column":35}},"2":{"start":{"line":13,"column":4},"end":{"line":13,"column":29}},"3":{"start":{"line":14,"column":4},"end":{"line":14,"column":21}},"4":{"start":{"line":15,"column":4},"end":{"line":15,"column":29}},"5":{"start":{"line":3,"column":0},"end":{"line":3,"column":13}},"6":{"start":{"line":18,"column":16},"end":{"line":18,"column":90}},"7":{"start":{"line":20,"column":16},"end":{"line":20,"column":87}},"8":{"start":{"line":22,"column":16},"end":{"line":22,"column":88}},"9":{"start":{"line":24,"column":16},"end":{"line":24,"column":86}},"10":{"start":{"line":26,"column":16},"end":{"line":26,"column":75}},"11":{"start":{"line":28,"column":16},"end":{"line":28,"column":84}},"12":{"start":{"line":30,"column":16},"end":{"line":30,"column":87}},"13":{"start":{"line":32,"column":16},"end":{"line":32,"column":88}},"14":{"start":{"line":34,"column":16},"end":{"line":34,"column":92}},"15":{"start":{"line":36,"column":16},"end":{"line":36,"column":85}},"16":{"start":{"line":38,"column":16},"end":{"line":38,"column":86}},"17":{"start":{"line":40,"column":16},"end":{"line":40,"column":79}},"18":{"start":{"line":42,"column":16},"end":{"line":42,"column":75}},"19":{"start":{"line":44,"column":16},"end":{"line":44,"column":77}},"20":{"start":{"line":46,"column":16},"end":{"line":46,"column":78}},"21":{"start":{"line":48,"column":16},"end":{"line":48,"column":102}},"22":{"start":{"line":50,"column":16},"end":{"line":50,"column":90}},"23":{"start":{"line":52,"column":16},"end":{"line":52,"column":92}},"24":{"start":{"line":54,"column":16},"end":{"line":54,"column":82}},"25":{"start":{"line":56,"column":16},"end":{"line":56,"column":85}},"26":{"start":{"line":58,"column":16},"end":{"line":58,"column":104}},"27":{"start":{"line":60,"column":16},"end":{"line":60,"column":83}},"28":{"start":{"line":62,"column":16},"end":{"line":62,"column":57}}},"fnMap":{"0":{"name":"(anonymous_0)","decl":{"start":{"line":10,"column":2},"end":{"line":10,"column":14}},"loc":{"start":{"line":10,"column":81},"end":{"line":16,"column":3}}}},"branchMap":{},"s":{"0":22,"1":22,"2":22,"3":22,"4":22,"5":1,"6":1,"7":1,"8":1,"9":1,"10":1,"11":1,"12":1,"13":1,"14":1,"15":1,"16":1,"17":1,"18":1,"19":1,"20":1,"21":1,"22":1,"23":1,"24":1,"25":1,"26":1,"27":1,"28":1},"f":{"0":22},"b":{}}
,"/Users/dariabusse/Work/measurements/src/measurements/unitmass.ts": {"path":"/Users/dariabusse/Work/measurements/src/measurements/unitmass.ts","statementMap":{"0":{"start":{"line":11,"column":4},"end":{"line":11,"column":25}},"1":{"start":{"line":12,"column":4},"end":{"line":12,"column":35}},"2":{"start":{"line":13,"column":4},"end":{"line":13,"column":29}},"3":{"start":{"line":14,"column":4},"end":{"line":14,"column":21}},"4":{"start":{"line":15,"column":4},"end":{"line":15,"column":27}},"5":{"start":{"line":3,"column":0},"end":{"line":3,"column":13}},"6":{"start":{"line":18,"column":16},"end":{"line":18,"column":78}},"7":{"start":{"line":19,"column":16},"end":{"line":19,"column":71}},"8":{"start":{"line":20,"column":16},"end":{"line":20,"column":81}},"9":{"start":{"line":21,"column":16},"end":{"line":21,"column":84}},"10":{"start":{"line":22,"column":16},"end":{"line":22,"column":85}},"11":{"start":{"line":23,"column":16},"end":{"line":23,"column":80}},"12":{"start":{"line":24,"column":16},"end":{"line":24,"column":80}},"13":{"start":{"line":25,"column":16},"end":{"line":25,"column":80}},"14":{"start":{"line":26,"column":16},"end":{"line":26,"column":78}},"15":{"start":{"line":27,"column":16},"end":{"line":27,"column":77}},"16":{"start":{"line":28,"column":16},"end":{"line":28,"column":77}},"17":{"start":{"line":29,"column":16},"end":{"line":29,"column":81}},"18":{"start":{"line":30,"column":16},"end":{"line":30,"column":84}},"19":{"start":{"line":31,"column":16},"end":{"line":31,"column":75}},"20":{"start":{"line":32,"column":16},"end":{"line":32,"column":90}},"21":{"start":{"line":33,"column":16},"end":{"line":33,"column":76}},"22":{"start":{"line":34,"column":16},"end":{"line":34,"column":52}}},"fnMap":{"0":{"name":"(anonymous_0)","decl":{"start":{"line":10,"column":2},"end":{"line":10,"column":14}},"loc":{"start":{"line":10,"column":81},"end":{"line":16,"column":3}}}},"branchMap":{},"s":{"0":16,"1":16,"2":16,"3":16,"4":16,"5":1,"6":1,"7":1,"8":1,"9":1,"10":1,"11":1,"12":1,"13":1,"14":1,"15":1,"16":1,"17":1,"18":1,"19":1,"20":1,"21":1,"22":1},"f":{"0":16},"b":{}}
,"/Users/dariabusse/Work/measurements/src/measurements/unittemperature.ts": {"path":"/Users/dariabusse/Work/measurements/src/measurements/unittemperature.ts","statementMap":{"0":{"start":{"line":11,"column":4},"end":{"line":11,"column":25}},"1":{"start":{"line":12,"column":4},"end":{"line":12,"column":35}},"2":{"start":{"line":13,"column":4},"end":{"line":13,"column":29}},"3":{"start":{"line":14,"column":4},"end":{"line":14,"column":21}},"4":{"start":{"line":15,"column":4},"end":{"line":15,"column":34}},"5":{"start":{"line":3,"column":0},"end":{"line":3,"column":13}},"6":{"start":{"line":18,"column":16},"end":{"line":18,"column":83}},"7":{"start":{"line":19,"column":16},"end":{"line":19,"column":100}},"8":{"start":{"line":20,"column":16},"end":{"line":25,"column":4}},"9":{"start":{"line":26,"column":16},"end":{"line":26,"column":56}}},"fnMap":{"0":{"name":"(anonymous_0)","decl":{"start":{"line":10,"column":2},"end":{"line":10,"column":14}},"loc":{"start":{"line":10,"column":81},"end":{"line":16,"column":3}}}},"branchMap":{},"s":{"0":3,"1":3,"2":3,"3":3,"4":3,"5":1,"6":1,"7":1,"8":1,"9":1},"f":{"0":3},"b":{}}
,"/Users/dariabusse/Work/measurements/src/measurements/unitvolume.ts": {"path":"/Users/dariabusse/Work/measurements/src/measurements/unitvolume.ts","statementMap":{"0":{"start":{"line":11,"column":4},"end":{"line":11,"column":25}},"1":{"start":{"line":12,"column":4},"end":{"line":12,"column":35}},"2":{"start":{"line":13,"column":4},"end":{"line":13,"column":29}},"3":{"start":{"line":14,"column":4},"end":{"line":14,"column":21}},"4":{"start":{"line":15,"column":4},"end":{"line":15,"column":29}},"5":{"start":{"line":3,"column":0},"end":{"line":3,"column":13}},"6":{"start":{"line":18,"column":16},"end":{"line":18,"column":90}},"7":{"start":{"line":19,"column":16},"end":{"line":19,"column":87}},"8":{"start":{"line":20,"column":16},"end":{"line":20,"column":75}},"9":{"start":{"line":21,"column":16},"end":{"line":21,"column":84}},"10":{"start":{"line":22,"column":16},"end":{"line":22,"column":87}},"11":{"start":{"line":23,"column":16},"end":{"line":23,"column":88}},"12":{"start":{"line":24,"column":16},"end":{"line":24,"column":97}},"13":{"start":{"line":25,"column":16},"end":{"line":25,"column":90}},"14":{"start":{"line":26,"column":16},"end":{"line":26,"column":96}},"15":{"start":{"line":27,"column":16},"end":{"line":27,"column":103}},"16":{"start":{"line":28,"column":16},"end":{"line":28,"column":93}},"17":{"start":{"line":29,"column":16},"end":{"line":29,"column":88}},"18":{"start":{"line":30,"column":16},"end":{"line":30,"column":90}},"19":{"start":{"line":31,"column":16},"end":{"line":31,"column":91}},"20":{"start":{"line":32,"column":16},"end":{"line":32,"column":86}},"21":{"start":{"line":33,"column":16},"end":{"line":33,"column":83}},"22":{"start":{"line":34,"column":16},"end":{"line":34,"column":90}},"23":{"start":{"line":35,"column":16},"end":{"line":35,"column":94}},"24":{"start":{"line":36,"column":16},"end":{"line":36,"column":96}},"25":{"start":{"line":37,"column":16},"end":{"line":37,"column":74}},"26":{"start":{"line":38,"column":16},"end":{"line":38,"column":79}},"27":{"start":{"line":39,"column":16},"end":{"line":39,"column":81}},"28":{"start":{"line":40,"column":16},"end":{"line":40,"column":83}},"29":{"start":{"line":41,"column":16},"end":{"line":41,"column":107}},"30":{"start":{"line":42,"column":16},"end":{"line":42,"column":111}},"31":{"start":{"line":43,"column":16},"end":{"line":43,"column":113}},"32":{"start":{"line":44,"column":16},"end":{"line":44,"column":96}},"33":{"start":{"line":45,"column":16},"end":{"line":45,"column":97}},"34":{"start":{"line":46,"column":16},"end":{"line":46,"column":100}},"35":{"start":{"line":47,"column":16},"end":{"line":47,"column":94}},"36":{"start":{"line":48,"column":16},"end":{"line":48,"column":51}}},"fnMap":{"0":{"name":"(anonymous_0)","decl":{"start":{"line":10,"column":2},"end":{"line":10,"column":14}},"loc":{"start":{"line":10,"column":81},"end":{"line":16,"column":3}}}},"branchMap":{},"s":{"0":30,"1":30,"2":30,"3":30,"4":30,"5":1,"6":1,"7":1,"8":1,"9":1,"10":1,"11":1,"12":1,"13":1,"14":1,"15":1,"16":1,"17":1,"18":1,"19":1,"20":1,"21":1,"22":1,"23":1,"24":1,"25":1,"26":1,"27":1,"28":1,"29":1,"30":1,"31":1,"32":1,"33":1,"34":1,"35":1,"36":1},"f":{"0":30},"b":{}}
}
