TN:
SF:src/index.ts
FN:8,(anonymous_0)
FN:8,(anonymous_1)
FN:8,(anonymous_2)
FN:8,(anonymous_3)
FN:8,(anonymous_4)
FN:8,(anonymous_5)
FNF:6
FNH:6
FNDA:54,(anonymous_0)
FNDA:26,(anonymous_1)
FNDA:2,(anonymous_2)
FNDA:1,(anonymous_3)
FNDA:1,(anonymous_4)
FNDA:1,(anonymous_5)
DA:1,1
DA:2,1
DA:3,1
DA:4,1
DA:5,1
DA:6,1
DA:8,55
LF:7
LH:7
BRF:0
BRH:0
end_of_record
TN:
SF:src/measurements/measurement.ts
FN:14,(anonymous_0)
FN:19,(anonymous_1)
FN:27,(anonymous_2)
FN:34,(anonymous_3)
FN:38,(anonymous_4)
FN:45,(anonymous_5)
FN:55,(anonymous_6)
FN:65,(anonymous_7)
FN:73,(anonymous_8)
FN:81,(anonymous_9)
FN:89,(anonymous_10)
FN:97,(anonymous_11)
FN:105,(anonymous_12)
FN:113,(anonymous_13)
FN:116,(anonymous_14)
FN:120,(anonymous_15)
FN:124,(anonymous_16)
FNF:17
FNH:17
FNDA:86,(anonymous_0)
FNDA:34,(anonymous_1)
FNDA:30,(anonymous_2)
FNDA:1,(anonymous_3)
FNDA:7,(anonymous_4)
FNDA:2,(anonymous_5)
FNDA:2,(anonymous_6)
FNDA:3,(anonymous_7)
FNDA:3,(anonymous_8)
FNDA:3,(anonymous_9)
FNDA:3,(anonymous_10)
FNDA:5,(anonymous_11)
FNDA:5,(anonymous_12)
FNDA:1,(anonymous_13)
FNDA:3,(anonymous_14)
FNDA:9,(anonymous_15)
FNDA:1,(anonymous_16)
DA:3,1
DA:15,86
DA:16,86
DA:20,34
DA:21,33
DA:28,30
DA:29,29
DA:30,29
DA:31,29
DA:35,1
DA:39,7
DA:40,6
DA:41,6
DA:42,6
DA:49,2
DA:50,1
DA:51,1
DA:52,1
DA:59,2
DA:60,1
DA:61,1
DA:62,1
DA:66,3
DA:67,2
DA:68,2
DA:69,2
DA:70,1
DA:74,3
DA:75,2
DA:76,2
DA:77,2
DA:78,1
DA:82,3
DA:83,2
DA:84,2
DA:85,2
DA:86,1
DA:90,3
DA:91,2
DA:92,2
DA:93,2
DA:94,1
DA:98,5
DA:99,4
DA:100,4
DA:101,4
DA:102,1
DA:106,5
DA:107,4
DA:108,4
DA:109,4
DA:110,2
DA:114,1
DA:117,3
DA:121,9
DA:125,1
LF:56
LH:56
BRDA:20,0,0,1
BRDA:28,1,0,1
BRDA:39,2,0,1
BRDA:49,3,0,1
BRDA:59,4,0,1
BRDA:66,5,0,1
BRDA:69,6,0,1
BRDA:74,7,0,1
BRDA:77,8,0,1
BRDA:82,9,0,1
BRDA:85,10,0,1
BRDA:90,11,0,1
BRDA:93,12,0,1
BRDA:98,13,0,1
BRDA:101,14,0,3
BRDA:106,15,0,1
BRDA:109,16,0,2
BRF:17
BRH:17
end_of_record
TN:
SF:src/measurements/unitenergy.ts
FN:10,(anonymous_0)
FNF:1
FNH:1
FNDA:5,(anonymous_0)
DA:3,1
DA:11,5
DA:12,5
DA:13,5
DA:14,5
DA:15,5
DA:18,1
DA:20,1
DA:22,1
DA:24,1
DA:26,1
DA:28,1
LF:12
LH:12
BRF:0
BRH:0
end_of_record
TN:
SF:src/measurements/unitlength.ts
FN:10,(anonymous_0)
FNF:1
FNH:1
FNDA:22,(anonymous_0)
DA:3,1
DA:11,22
DA:12,22
DA:13,22
DA:14,22
DA:15,22
DA:18,1
DA:20,1
DA:22,1
DA:24,1
DA:26,1
DA:28,1
DA:30,1
DA:32,1
DA:34,1
DA:36,1
DA:38,1
DA:40,1
DA:42,1
DA:44,1
DA:46,1
DA:48,1
DA:50,1
DA:52,1
DA:54,1
DA:56,1
DA:58,1
DA:60,1
DA:62,1
LF:29
LH:29
BRF:0
BRH:0
end_of_record
TN:
SF:src/measurements/unitmass.ts
FN:10,(anonymous_0)
FNF:1
FNH:1
FNDA:16,(anonymous_0)
DA:3,1
DA:11,16
DA:12,16
DA:13,16
DA:14,16
DA:15,16
DA:18,1
DA:19,1
DA:20,1
DA:21,1
DA:22,1
DA:23,1
DA:24,1
DA:25,1
DA:26,1
DA:27,1
DA:28,1
DA:29,1
DA:30,1
DA:31,1
DA:32,1
DA:33,1
DA:34,1
LF:23
LH:23
BRF:0
BRH:0
end_of_record
TN:
SF:src/measurements/unittemperature.ts
FN:10,(anonymous_0)
FNF:1
FNH:1
FNDA:3,(anonymous_0)
DA:3,1
DA:11,3
DA:12,3
DA:13,3
DA:14,3
DA:15,3
DA:18,1
DA:19,1
DA:20,1
DA:26,1
LF:10
LH:10
BRF:0
BRH:0
end_of_record
TN:
SF:src/measurements/unitvolume.ts
FN:10,(anonymous_0)
FNF:1
FNH:1
FNDA:30,(anonymous_0)
DA:3,1
DA:11,30
DA:12,30
DA:13,30
DA:14,30
DA:15,30
DA:18,1
DA:19,1
DA:20,1
DA:21,1
DA:22,1
DA:23,1
DA:24,1
DA:25,1
DA:26,1
DA:27,1
DA:28,1
DA:29,1
DA:30,1
DA:31,1
DA:32,1
DA:33,1
DA:34,1
DA:35,1
DA:36,1
DA:37,1
DA:38,1
DA:39,1
DA:40,1
DA:41,1
DA:42,1
DA:43,1
DA:44,1
DA:45,1
DA:46,1
DA:47,1
DA:48,1
LF:37
LH:37
BRF:0
BRH:0
end_of_record
